Time,RPM,MPH,Throttle,Load,Fuel Status
16:17:53.567306,875,0.0,8.62745098039,22.3529411765,0200
16:17:53.784722,875,0.0,8.62745098039,22.3529411765,0200
16:17:54.2516,875,0.0,8.62745098039,22.3529411765,0200
16:17:54.223708,887,0.0,8.62745098039,22.3529411765,0200
16:17:54.447691,875,0.0,8.62745098039,22.3529411765,0200
16:17:54.665114,875,0.0,8.62745098039,22.3529411765,0200
16:17:54.884065,887,0.0,8.62745098039,22.3529411765,0200
16:17:55.96626,887,0.0,8.62745098039,22.3529411765,0200
16:17:55.317859,887,0.0,8.62745098039,22.3529411765,0200
16:17:55.534332,887,0.0,8.62745098039,22.3529411765,0200
16:17:55.758155,875,0.0,8.62745098039,22.3529411765,0200
16:17:55.973195,875,0.0,8.62745098039,22.3529411765,0200
16:17:56.190743,875,0.0,8.62745098039,22.3529411765,0200
16:17:56.405863,887,0.0,8.62745098039,22.3529411765,0200
16:17:56.632168,875,0.0,8.62745098039,22.3529411765,0200
16:17:56.848536,887,0.0,8.62745098039,22.3529411765,0200
16:17:57.66128,875,0.0,8.62745098039,22.3529411765,0200
16:17:57.281186,887,0.0,8.62745098039,22.3529411765,0200
16:17:57.500077,887,0.0,8.62745098039,22.3529411765,0200
16:17:57.717530,875,0.0,8.62745098039,22.3529411765,0200
16:17:57.943939,875,0.0,8.62745098039,22.3529411765,0200
16:17:58.156529,875,0.0,8.62745098039,22.3529411765,0200
16:17:58.379246,875,0.0,8.62745098039,22.3529411765,0200
16:17:58.601708,887,0.0,8.62745098039,22.3529411765,0200
16:17:58.843035,875,0.0,8.62745098039,22.3529411765,0200
16:17:59.65609,875,0.0,8.62745098039,22.3529411765,0200
16:17:59.287034,887,0.0,8.62745098039,22.3529411765,0200
16:17:59.510895,887,0.0,8.62745098039,22.3529411765,0200
16:17:59.733346,887,0.0,8.62745098039,22.3529411765,0200
16:17:59.957202,900,0.0,8.62745098039,22.3529411765,0200
16:18:0.176038,887,0.0,8.62745098039,22.3529411765,0200
16:18:0.396095,887,0.0,8.62745098039,22.3529411765,0200
16:18:0.607426,875,0.0,8.62745098039,22.3529411765,0200
16:18:0.826611,875,0.0,8.62745098039,22.3529411765,0200
16:18:1.46491,887,0.0,8.62745098039,22.3529411765,0200
16:18:1.285075,875,0.0,8.62745098039,22.3529411765,0200
16:18:1.503996,862,0.0,8.62745098039,22.3529411765,0200
16:18:1.722824,875,0.0,8.62745098039,22.3529411765,0200
16:18:1.939120,862,0.0,8.62745098039,22.3529411765,0200
16:18:2.154263,887,0.0,8.62745098039,22.3529411765,0200
16:18:2.375387,875,0.0,8.62745098039,22.3529411765,0200
16:18:2.608002,875,0.0,8.62745098039,22.3529411765,0200
16:18:2.823117,875,0.0,8.62745098039,22.3529411765,0200
16:18:3.37144,875,0.0,8.62745098039,21.9607843137,0200
16:18:3.253337,887,0.0,8.62745098039,22.3529411765,0200
16:18:3.493475,875,0.0,8.62745098039,22.3529411765,0200
16:18:3.720945,875,0.0,8.62745098039,22.3529411765,0200
16:18:3.947371,875,0.0,8.62745098039,22.3529411765,0200
16:18:4.165019,875,0.0,8.62745098039,22.3529411765,0200
16:18:4.387405,862,0.0,8.62745098039,22.3529411765,0200
16:18:4.603935,875,0.0,8.62745098039,22.3529411765,0200
16:18:4.816447,875,0.0,8.62745098039,22.3529411765,0200
16:18:5.36572,887,0.0,8.62745098039,22.3529411765,0200
16:18:5.255249,900,0.0,8.62745098039,22.3529411765,0200
16:18:5.476631,875,0.0,8.62745098039,22.3529411765,0200
16:18:5.692787,875,0.0,8.62745098039,22.3529411765,0200
16:18:5.914160,875,0.0,8.62745098039,22.3529411765,0200
16:18:6.130597,875,0.0,8.62745098039,22.3529411765,0200
16:18:6.350607,875,0.0,8.62745098039,21.9607843137,0200
16:18:6.568199,875,0.0,8.62745098039,21.9607843137,0200
16:18:6.785728,875,0.0,8.62745098039,22.3529411765,0200
16:18:7.2180,887,0.0,8.62745098039,22.3529411765,0200
16:18:7.220922,875,0.0,8.62745098039,22.3529411765,0200
16:18:7.440985,875,0.0,8.62745098039,22.3529411765,0200
16:18:7.654756,875,0.0,8.62745098039,22.3529411765,0200
16:18:7.872358,875,0.0,8.62745098039,22.3529411765,0200
16:18:8.95032,875,0.0,8.62745098039,22.3529411765,0200
16:18:8.314957,875,0.0,8.62745098039,22.3529411765,0200
16:18:8.527615,875,0.0,8.62745098039,22.3529411765,0200
16:18:8.748866,875,0.0,8.62745098039,22.3529411765,0200
16:18:8.968900,862,0.0,8.62745098039,22.3529411765,0200
16:18:9.191505,875,0.0,8.62745098039,22.3529411765,0200
16:18:9.425345,887,0.0,8.62745098039,22.3529411765,0200
16:18:9.639238,887,0.0,8.62745098039,22.3529411765,0200
16:18:9.864197,887,0.0,8.62745098039,22.3529411765,0200
16:18:10.88033,887,0.0,8.62745098039,22.3529411765,0200
16:18:10.303041,875,0.0,8.62745098039,22.3529411765,0200
16:18:10.525640,887,0.0,8.62745098039,22.3529411765,0200
16:18:10.740581,875,0.0,8.62745098039,22.3529411765,0200
16:18:10.956906,875,0.0,8.62745098039,22.3529411765,0200
16:18:11.168243,862,0.0,8.62745098039,22.3529411765,0200
16:18:11.389552,875,0.0,8.62745098039,22.7450980392,0200
16:18:11.602092,875,0.0,8.62745098039,22.3529411765,0200
16:18:11.819626,862,0.0,8.62745098039,22.3529411765,0200
16:18:12.34745,862,0.0,8.62745098039,22.3529411765,0200
16:18:12.251034,862,0.0,8.62745098039,22.3529411765,0200
16:18:12.464877,862,0.0,8.62745098039,22.3529411765,0200
16:18:12.679893,862,0.0,8.62745098039,22.3529411765,0200
16:18:12.892493,862,0.0,8.62745098039,22.3529411765,0200
16:18:13.110034,862,0.0,8.62745098039,22.3529411765,0200
16:18:13.323895,862,0.0,8.62745098039,22.3529411765,0200
16:18:13.540158,862,0.0,8.62745098039,22.3529411765,0200
16:18:13.754010,850,0.0,8.62745098039,22.3529411765,0200
16:18:13.981534,862,0.0,8.62745098039,22.3529411765,0200
16:18:14.196600,862,0.0,8.62745098039,22.3529411765,0200
16:18:14.409215,862,0.0,8.62745098039,22.3529411765,0200
16:18:14.626656,862,0.0,8.62745098039,22.3529411765,0200
16:18:14.843014,862,0.0,8.62745098039,22.3529411765,0200
16:18:15.61941,862,0.0,8.62745098039,22.3529411765,0200
16:18:15.282040,850,0.0,8.62745098039,22.3529411765,0200
16:18:15.514582,862,0.0,8.62745098039,22.3529411765,0200
16:18:15.733385,862,0.0,8.62745098039,22.3529411765,0200
16:18:15.953275,875,0.0,8.62745098039,22.3529411765,0200
16:18:16.169517,862,0.0,8.62745098039,22.3529411765,0200
16:18:16.384631,850,0.0,8.62745098039,22.3529411765,0200
16:18:16.601074,862,0.0,8.62745098039,22.3529411765,0200
16:18:16.817500,850,0.0,8.62745098039,22.3529411765,0200
16:18:17.29791,875,0.0,8.62745098039,22.3529411765,0200
16:18:17.249857,862,0.0,8.62745098039,22.3529411765,0200
16:18:17.463702,875,0.0,8.62745098039,22.3529411765,0200
16:18:17.678870,862,0.0,8.62745098039,22.3529411765,0200
16:18:17.900082,850,0.0,8.62745098039,22.3529411765,0200
16:18:18.111340,862,0.0,8.62745098039,22.3529411765,0200
16:18:18.323932,862,0.0,8.62745098039,22.3529411765,0200
16:18:18.535249,862,0.0,8.62745098039,22.3529411765,0200
16:18:18.756765,850,0.0,8.62745098039,22.3529411765,0200
16:18:18.981565,862,0.0,8.62745098039,22.3529411765,0200
16:18:19.214160,862,0.0,8.62745098039,22.3529411765,0200
16:18:19.429213,862,0.0,8.62745098039,22.3529411765,0200
16:18:19.640548,862,0.0,8.62745098039,22.3529411765,0200
16:18:19.857055,862,0.0,8.62745098039,22.3529411765,0200
16:18:20.78093,862,0.0,8.62745098039,22.3529411765,0200
16:18:20.313204,862,0.0,8.62745098039,22.3529411765,0200
16:18:20.529581,862,0.0,8.62745098039,22.3529411765,0200
16:18:20.750977,850,0.0,8.62745098039,22.3529411765,0200
16:18:20.972078,850,0.0,8.62745098039,22.3529411765,0200
16:18:21.193367,862,0.0,8.62745098039,22.3529411765,0200
16:18:21.404711,850,0.0,8.62745098039,22.3529411765,0200
16:18:21.620901,862,0.0,8.62745098039,22.3529411765,0200
16:18:21.850041,862,0.0,8.62745098039,22.3529411765,0200
16:18:22.67347,850,0.0,8.62745098039,22.3529411765,0200
16:18:22.278676,862,0.0,8.62745098039,22.3529411765,0200
16:18:22.494923,850,0.0,8.62745098039,22.3529411765,0200
16:18:22.712620,862,0.0,8.62745098039,22.3529411765,0200
16:18:22.948913,875,0.0,8.62745098039,22.3529411765,0200
16:18:23.165089,850,0.0,8.23529411765,22.3529411765,0200
16:18:23.382668,850,0.0,8.23529411765,22.3529411765,0200
16:18:23.605190,850,0.0,8.23529411765,22.3529411765,0200
16:18:23.821617,850,0.0,8.23529411765,22.3529411765,0200
16:18:24.36587,850,0.0,8.23529411765,22.3529411765,0200
16:18:24.249168,850,0.0,8.23529411765,22.3529411765,0200
16:18:24.469151,850,0.0,8.23529411765,22.3529411765,0200
16:18:24.685747,850,0.0,8.23529411765,22.3529411765,0200
16:18:24.905548,837,0.0,8.23529411765,22.3529411765,0200
16:18:25.125582,850,0.0,8.23529411765,22.3529411765,0200
16:18:25.344406,850,0.0,8.23529411765,22.3529411765,0200
16:18:25.558224,850,0.0,8.23529411765,22.3529411765,0200
16:18:25.777205,850,0.0,8.23529411765,21.9607843137,0200
16:18:25.997016,862,0.0,8.23529411765,21.9607843137,0200
16:18:26.212111,862,0.0,8.23529411765,21.9607843137,0200
16:18:26.429645,850,0.0,8.23529411765,21.9607843137,0200
16:18:26.649834,862,0.0,8.23529411765,21.9607843137,0200
16:18:26.868661,850,0.0,8.23529411765,21.9607843137,0200
16:18:27.84745,850,0.0,8.23529411765,21.9607843137,0200
16:18:27.302341,850,0.0,8.23529411765,21.9607843137,0200
16:18:27.516123,850,0.0,8.23529411765,21.9607843137,0200
16:18:27.731371,850,0.0,8.23529411765,21.9607843137,0200
16:18:27.953801,837,0.0,8.23529411765,21.9607843137,0200
16:18:28.171292,837,0.0,8.23529411765,22.3529411765,0200
16:18:28.386315,850,0.0,8.23529411765,21.9607843137,0200
16:18:28.605154,850,0.0,8.23529411765,22.3529411765,0200
16:18:28.824083,862,0.0,8.23529411765,22.3529411765,0200
16:18:29.42743,850,0.0,8.23529411765,22.3529411765,0200
16:18:29.259030,850,0.0,8.23529411765,22.3529411765,0200
16:18:29.470319,850,0.0,8.23529411765,21.9607843137,0200
16:18:29.686794,850,0.0,8.23529411765,21.9607843137,0200
16:18:29.904268,850,0.0,8.23529411765,21.9607843137,0200
16:18:30.116735,862,0.0,8.23529411765,21.9607843137,0200
16:18:30.334264,850,0.0,8.23529411765,21.9607843137,0200
16:18:30.548100,850,0.0,8.23529411765,21.9607843137,0200
16:18:30.764477,850,0.0,8.23529411765,21.9607843137,0200
16:18:30.983161,850,0.0,8.23529411765,21.9607843137,0200
16:18:31.204490,837,0.0,8.23529411765,21.9607843137,0200
16:18:31.418227,862,0.0,8.23529411765,21.9607843137,0200
16:18:31.633264,850,0.0,8.23529411765,21.9607843137,0200
16:18:31.854796,850,0.0,8.23529411765,21.9607843137,0200
16:18:32.77165,850,0.0,8.23529411765,21.9607843137,0200
16:18:32.300943,850,0.0,8.23529411765,21.9607843137,0200
16:18:32.512264,837,0.0,8.23529411765,22.3529411765,0200
16:18:32.726157,837,0.0,8.23529411765,22.3529411765,0200
16:18:32.938701,837,0.0,8.23529411765,22.3529411765,0200
16:18:33.154898,850,0.0,8.23529411765,21.9607843137,0200
16:18:33.372409,850,0.0,8.23529411765,22.3529411765,0200
16:18:33.593746,850,0.0,8.23529411765,21.9607843137,0200
16:18:33.813947,862,0.0,8.23529411765,21.9607843137,0200
16:18:34.26330,862,0.0,8.23529411765,21.9607843137,0200
16:18:34.243839,850,0.0,8.23529411765,21.9607843137,0200
16:18:34.456466,862,0.0,8.23529411765,21.9607843137,0200
16:18:34.679012,850,0.0,8.23529411765,21.9607843137,0200
16:18:34.899005,837,0.0,8.23529411765,21.9607843137,0200
16:18:35.115362,850,0.0,8.23529411765,21.9607843137,0200
16:18:35.332802,862,0.0,8.23529411765,21.9607843137,0200
16:18:35.544126,850,0.0,8.23529411765,21.9607843137,0200
16:18:35.759348,862,0.0,8.23529411765,21.9607843137,0200
16:18:35.978083,862,0.0,8.23529411765,21.9607843137,0200
16:18:36.194240,837,0.0,8.23529411765,21.9607843137,0200
16:18:36.409826,837,0.0,8.23529411765,22.3529411765,0200
16:18:36.629288,850,0.0,8.23529411765,21.9607843137,0200
16:18:36.844607,837,0.0,8.23529411765,22.3529411765,0200
16:18:37.60710,825,0.0,8.23529411765,22.3529411765,0200
16:18:37.278207,825,0.0,8.23529411765,22.3529411765,0200
16:18:37.495851,825,0.0,8.23529411765,22.3529411765,0200
16:18:37.719634,825,0.0,8.23529411765,21.9607843137,0200
16:18:37.940902,825,0.0,8.23529411765,22.3529411765,0200
16:18:38.160892,825,0.0,8.23529411765,22.3529411765,0200
16:18:38.375962,825,0.0,8.23529411765,22.3529411765,0200
16:18:38.594716,837,0.0,8.23529411765,21.9607843137,0200
16:18:38.812437,825,0.0,8.23529411765,21.9607843137,0200
16:18:39.34865,837,0.0,8.23529411765,21.9607843137,0200
16:18:39.251118,825,0.0,8.23529411765,21.9607843137,0200
16:18:39.481144,812,0.0,8.23529411765,22.3529411765,0200
16:18:39.693861,812,0.0,8.23529411765,22.3529411765,0200
16:18:39.913995,825,0.0,8.23529411765,21.9607843137,0200
16:18:40.128718,825,0.0,8.23529411765,21.9607843137,0200
16:18:40.342663,837,0.0,8.23529411765,21.9607843137,0200
16:18:40.560093,825,0.0,8.23529411765,21.9607843137,0200
16:18:40.780287,825,0.0,8.23529411765,22.3529411765,0200
16:18:40.998974,837,0.0,8.23529411765,21.9607843137,0200
16:18:41.214108,837,0.0,8.23529411765,21.9607843137,0200
16:18:41.429451,812,0.0,8.23529411765,21.9607843137,0200
16:18:41.640313,837,0.0,8.23529411765,21.568627451,0200
16:18:41.862000,825,0.0,8.23529411765,21.568627451,0200
16:18:42.77907,812,0.0,8.23529411765,21.568627451,0200
16:18:42.294232,812,0.0,8.23529411765,21.568627451,0200
16:18:42.501740,825,0.0,8.23529411765,21.9607843137,0200
16:18:42.716900,825,0.0,8.23529411765,21.9607843137,0200
16:18:42.934458,825,0.0,8.23529411765,21.9607843137,0200
16:18:43.151853,825,0.0,8.23529411765,21.9607843137,0200
16:18:43.366964,825,0.0,8.23529411765,21.9607843137,0200
16:18:43.589447,812,0.0,8.23529411765,21.9607843137,0200
16:18:43.800982,812,0.0,8.23529411765,21.9607843137,0200
16:18:44.18283,800,0.0,8.23529411765,21.9607843137,0200
16:18:44.235849,800,0.0,8.23529411765,21.9607843137,0200
16:18:44.449612,787,0.0,8.23529411765,21.9607843137,0200
16:18:44.663525,800,0.0,8.23529411765,21.9607843137,0200
16:18:44.879923,787,0.0,8.23529411765,21.9607843137,0200
16:18:45.93479,812,0.0,8.23529411765,21.9607843137,0200
16:18:45.308564,800,0.0,8.23529411765,21.9607843137,0200
16:18:45.523540,800,0.0,8.23529411765,21.9607843137,0200
16:18:45.736404,787,0.0,8.23529411765,21.9607843137,0200
16:18:45.957408,800,0.0,8.23529411765,21.9607843137,0200
16:18:46.177455,800,0.0,8.23529411765,21.9607843137,0200
16:18:46.394946,800,0.0,8.23529411765,21.9607843137,0200
16:18:46.613799,800,0.0,8.23529411765,21.9607843137,0200
16:18:46.826579,800,0.0,8.23529411765,21.9607843137,0200
16:18:47.50097,800,0.0,8.23529411765,21.9607843137,0200
16:18:47.262661,800,0.0,8.23529411765,21.9607843137,0200
16:18:47.477665,800,0.0,8.23529411765,21.9607843137,0200
16:18:47.691484,800,0.0,8.23529411765,21.9607843137,0200
16:18:47.906687,800,0.0,8.23529411765,21.9607843137,0200
16:18:48.131576,800,0.0,8.23529411765,21.9607843137,0200
16:18:48.345325,800,0.0,8.23529411765,21.9607843137,0200
16:18:48.560352,800,0.0,8.23529411765,21.9607843137,0200
16:18:48.780598,812,0.0,8.23529411765,21.9607843137,0200
16:18:48.997940,800,0.0,8.23529411765,21.9607843137,0200
16:18:49.211740,800,0.0,8.23529411765,21.9607843137,0200
16:18:49.426773,800,0.0,8.23529411765,21.9607843137,0200
16:18:49.644344,787,0.0,8.23529411765,21.9607843137,0200
16:18:49.878247,800,0.0,8.23529411765,21.9607843137,0200
16:18:50.90627,787,0.0,8.23529411765,21.9607843137,0200
16:18:50.303109,812,0.0,8.23529411765,21.9607843137,0200
16:18:50.519401,787,0.0,8.23529411765,21.9607843137,0200
16:18:50.743522,800,0.0,8.23529411765,21.9607843137,0200
16:18:50.975801,800,0.0,8.23529411765,21.9607843137,0200
16:18:51.193402,812,0.0,8.23529411765,21.9607843137,0200
16:18:51.412115,800,0.0,8.23529411765,21.9607843137,0200
16:18:51.629673,800,0.0,8.23529411765,21.9607843137,0200
16:18:51.848639,787,0.0,8.23529411765,21.9607843137,0200
16:18:52.64794,800,0.0,8.23529411765,21.9607843137,0200
16:18:52.281101,800,0.0,8.23529411765,21.9607843137,0200
16:18:52.493496,800,0.0,8.23529411765,21.9607843137,0200
16:18:52.727559,800,0.0,8.23529411765,21.9607843137,0200
16:18:52.942534,800,0.0,8.23529411765,21.9607843137,0200
16:18:53.157450,800,0.0,8.23529411765,21.9607843137,0200
16:18:53.367523,800,0.0,8.23529411765,21.9607843137,0200
16:18:53.587654,812,0.0,8.23529411765,21.9607843137,0200
16:18:53.801465,800,0.0,8.23529411765,21.9607843137,0200
16:18:54.17624,800,0.0,8.23529411765,21.9607843137,0200
16:18:54.228911,800,0.0,8.23529411765,21.9607843137,0200
16:18:54.445144,787,0.0,7.8431372549,21.9607843137,0200
16:18:54.657837,800,0.0,7.8431372549,21.9607843137,0200
16:18:54.871660,800,0.0,8.23529411765,21.9607843137,0200
16:18:55.86573,800,0.0,8.23529411765,21.9607843137,0200
16:18:55.302887,787,0.0,8.23529411765,21.9607843137,0200
16:18:55.521754,800,0.0,8.23529411765,21.568627451,0200
16:18:55.748011,800,0.0,8.23529411765,21.568627451,0200
16:18:55.961691,787,0.0,7.8431372549,21.9607843137,0200
16:18:56.176783,800,0.0,8.23529411765,21.9607843137,0200
16:18:56.390474,787,0.0,8.23529411765,21.9607843137,0200
16:18:56.606795,800,0.0,8.23529411765,21.9607843137,0200
16:18:56.825720,800,0.0,7.8431372549,21.568627451,0200
16:18:57.65659,800,0.0,8.23529411765,21.9607843137,0200
16:18:57.284410,800,0.0,8.23529411765,21.9607843137,0200
16:18:57.496913,800,0.0,8.23529411765,21.568627451,0200
16:18:57.714629,800,0.0,8.23529411765,21.568627451,0200
16:18:57.935954,800,0.0,8.23529411765,21.568627451,0200
16:18:58.152967,800,0.0,8.23529411765,21.9607843137,0200
16:18:58.372072,800,0.0,7.8431372549,21.568627451,0200
16:18:58.589648,787,0.0,8.23529411765,21.9607843137,0200
16:18:58.821066,800,0.0,8.23529411765,21.9607843137,0200
16:18:59.38497,800,0.0,8.23529411765,21.9607843137,0200
16:18:59.252231,812,0.0,8.23529411765,21.9607843137,0200
16:18:59.477294,800,0.0,7.8431372549,21.568627451,0200
16:18:59.691232,800,0.0,8.23529411765,21.568627451,0200
16:18:59.909901,787,0.0,7.8431372549,21.9607843137,0200
16:19:0.123592,800,0.0,7.8431372549,21.9607843137,0200
16:19:0.346159,800,0.0,8.23529411765,21.9607843137,0200
16:19:0.562470,812,0.0,8.23529411765,21.9607843137,0200
16:19:0.773868,800,0.0,8.23529411765,21.568627451,0200
16:19:0.992558,800,0.0,8.23529411765,21.568627451,0200
16:19:1.206282,812,0.0,8.23529411765,21.568627451,0200
16:19:1.418921,812,0.0,8.23529411765,21.568627451,0200
16:19:1.633925,800,0.0,8.23529411765,21.568627451,0200
16:19:1.850376,787,0.0,7.8431372549,21.9607843137,0200
16:19:2.72727,812,0.0,8.23529411765,21.568627451,0200
16:19:2.291482,800,0.0,7.8431372549,21.568627451,0200
16:19:2.502793,800,0.0,8.23529411765,21.9607843137,0200
16:19:2.720457,800,0.0,8.23529411765,21.9607843137,0200
16:19:2.941617,800,0.0,8.23529411765,21.9607843137,0200
16:19:3.156615,800,0.0,8.23529411765,21.568627451,0200
16:19:3.376654,800,0.0,7.8431372549,21.9607843137,0200
16:19:3.597973,800,0.0,8.23529411765,21.9607843137,0200
16:19:3.812104,800,0.0,7.8431372549,21.9607843137,0200
16:19:4.28042,800,0.0,8.23529411765,21.9607843137,0200
16:19:4.255552,800,0.0,8.23529411765,21.568627451,0200
16:19:4.469312,800,0.0,7.8431372549,21.9607843137,0200
16:19:4.684527,800,0.0,8.23529411765,21.568627451,0200
16:19:4.902124,800,0.0,8.23529411765,21.9607843137,0200
16:19:5.120704,787,0.0,8.23529411765,21.568627451,0200
16:19:5.333223,787,0.0,8.23529411765,21.9607843137,0200
16:19:5.548222,812,0.0,8.23529411765,21.9607843137,0200
16:19:5.763415,800,0.0,8.23529411765,21.568627451,0200
16:19:5.982122,800,0.0,8.23529411765,21.568627451,0200
16:19:6.198347,800,0.0,7.8431372549,21.568627451,0200
16:19:6.428456,800,0.0,8.23529411765,21.568627451,0200
16:19:6.660980,800,0.0,8.23529411765,21.568627451,0200
16:19:6.897288,800,0.0,8.23529411765,21.9607843137,0200
16:19:7.107285,800,0.0,8.23529411765,21.9607843137,0200
16:19:7.319782,812,0.0,8.23529411765,21.568627451,0200
16:19:7.536046,800,0.0,8.23529411765,21.568627451,0200
16:19:7.751261,800,0.0,7.8431372549,21.568627451,0200
16:19:7.976148,787,0.0,8.23529411765,21.568627451,0200
16:19:8.191157,800,0.0,8.23529411765,21.568627451,0200
16:19:8.404940,775,0.0,8.23529411765,21.9607843137,0200
16:19:8.624103,787,0.0,7.8431372549,21.9607843137,0200
16:19:8.847757,787,0.0,7.8431372549,21.568627451,0200
16:19:9.68850,787,0.0,7.8431372549,21.568627451,0200
16:19:9.291353,775,0.0,7.8431372549,21.568627451,0200
16:19:9.505167,775,0.0,7.8431372549,21.568627451,0200
16:19:9.721633,787,0.0,7.8431372549,21.568627451,0200
16:19:9.941489,787,0.0,7.8431372549,21.568627451,0200
16:19:10.152750,775,0.0,7.8431372549,21.568627451,0200
16:19:10.366510,775,0.0,7.8431372549,21.568627451,0200
16:19:10.580219,775,0.0,7.8431372549,21.568627451,0200
16:19:10.796679,787,0.0,7.8431372549,21.568627451,0200
16:19:11.15381,787,0.0,7.8431372549,21.568627451,0200
16:19:11.229192,787,0.0,7.8431372549,21.568627451,0200
16:19:11.447908,787,0.0,7.8431372549,21.568627451,0200
16:19:11.664364,775,0.0,7.8431372549,21.568627451,0200
16:19:11.886907,775,0.0,7.8431372549,21.9607843137,0200
16:19:12.111826,787,0.0,7.8431372549,21.568627451,0200
16:19:12.328103,775,0.0,7.8431372549,21.568627451,0200
16:19:12.546805,787,0.0,7.8431372549,21.568627451,0200
16:19:12.765779,787,0.0,7.8431372549,21.568627451,0200
16:19:13.4456,787,0.0,7.8431372549,21.568627451,0200
16:19:13.218312,775,0.0,7.8431372549,21.568627451,0200
16:19:13.437018,787,0.0,7.8431372549,21.568627451,0200
16:19:13.652509,762,0.0,7.8431372549,21.568627451,0200
16:19:13.877183,787,0.0,7.8431372549,21.568627451,0200
16:19:14.88354,775,0.0,7.8431372549,21.568627451,0200
16:19:14.302173,787,0.0,7.8431372549,21.568627451,0200
16:19:14.514730,775,0.0,7.8431372549,21.568627451,0200
16:19:14.728683,787,0.0,7.8431372549,21.568627451,0200
16:19:14.949768,787,0.0,7.8431372549,21.568627451,0200
16:19:15.165955,762,0.0,7.8431372549,21.568627451,0200
16:19:15.384843,787,0.0,7.8431372549,21.568627451,0200
16:19:15.598569,775,0.0,7.8431372549,21.568627451,0200
16:19:15.811243,787,0.0,7.8431372549,21.568627451,0200
16:19:16.32409,775,0.0,7.8431372549,21.568627451,0200
16:19:16.251222,787,0.0,7.8431372549,21.568627451,0200
16:19:16.473693,787,0.0,7.8431372549,21.568627451,0200
16:19:16.683880,787,0.0,7.8431372549,21.568627451,0200
16:19:16.906459,787,0.0,7.8431372549,21.568627451,0200
16:19:17.120051,775,0.0,7.8431372549,21.568627451,0200
16:19:17.335155,775,0.0,7.8431372549,21.568627451,0200
16:19:17.552591,787,0.0,7.8431372549,21.568627451,0200
16:19:17.770391,787,0.0,7.8431372549,21.568627451,0200
16:19:17.987674,787,0.0,7.8431372549,21.568627451,0200
16:19:18.205224,775,0.0,7.8431372549,21.568627451,0200
16:19:18.424047,787,0.0,7.8431372549,21.568627451,0200
16:19:18.636551,775,0.0,7.8431372549,21.568627451,0200
16:19:18.874305,787,0.0,7.8431372549,21.568627451,0200
16:19:19.92921,787,0.0,7.8431372549,21.568627451,0200
16:19:19.309203,787,0.0,7.8431372549,21.568627451,0200
16:19:19.522916,775,0.0,7.8431372549,21.568627451,0200
16:19:19.735669,787,0.0,7.8431372549,21.568627451,0200
16:19:19.950562,787,0.0,7.8431372549,21.568627451,0200
16:19:20.165718,787,0.0,7.8431372549,21.568627451,0200
16:19:20.385607,787,0.0,7.8431372549,21.568627451,0200
16:19:20.605570,787,0.0,7.8431372549,21.568627451,0200
16:19:20.820885,775,0.0,7.8431372549,21.568627451,0200
16:19:21.38253,787,0.0,7.8431372549,21.568627451,0200
16:19:21.255828,775,0.0,7.8431372549,21.568627451,0200
16:19:21.474661,775,0.0,7.8431372549,21.568627451,0200
16:19:21.688442,787,0.0,7.8431372549,21.568627451,0200
16:19:21.919738,787,0.0,7.8431372549,21.568627451,0200
16:19:22.137270,775,0.0,7.8431372549,21.568627451,0200
16:19:22.353617,787,0.0,7.8431372549,21.568627451,0200
16:19:22.573609,775,0.0,7.8431372549,21.568627451,0200
16:19:22.803565,787,0.0,7.8431372549,21.568627451,0200
16:19:23.31214,787,0.0,7.8431372549,21.568627451,0200
16:19:23.248616,787,0.0,7.8431372549,21.568627451,0200
16:19:23.466221,787,0.0,7.8431372549,21.568627451,0200
16:19:23.679937,775,0.0,7.8431372549,21.568627451,0200
16:19:23.901417,787,0.0,7.8431372549,21.568627451,0200
16:19:24.118873,787,0.0,7.8431372549,21.568627451,0200
16:19:24.345050,787,0.0,7.8431372549,21.568627451,0200
16:19:24.560147,775,0.0,7.8431372549,21.568627451,0200
16:19:24.777596,775,0.0,7.8431372549,21.568627451,0200
16:19:24.997581,775,0.0,7.8431372549,21.568627451,0200
16:19:25.210033,762,0.0,7.8431372549,21.568627451,0200
16:19:25.427787,775,0.0,7.8431372549,21.9607843137,0200
16:19:25.647716,775,0.0,7.8431372549,21.9607843137,0200
16:19:25.859126,775,0.0,7.8431372549,21.9607843137,0200
16:19:26.80261,787,0.0,7.8431372549,21.9607843137,0200
16:19:26.297821,762,0.0,7.8431372549,21.9607843137,0200
16:19:26.518005,775,0.0,7.8431372549,21.9607843137,0200
16:19:26.736782,762,0.0,7.8431372549,21.9607843137,0200
16:19:26.956746,775,0.0,7.8431372549,21.568627451,0200
16:19:27.176786,762,0.0,7.8431372549,21.9607843137,0200
16:19:27.394290,775,0.0,7.8431372549,21.9607843137,0200
16:19:27.611799,775,0.0,7.8431372549,21.9607843137,0200
16:19:27.833121,762,0.0,7.8431372549,21.9607843137,0200
16:19:28.70711,775,0.0,7.8431372549,21.9607843137,0200
16:19:28.290619,775,0.0,7.8431372549,21.9607843137,0200
16:19:28.505720,775,0.0,7.8431372549,21.9607843137,0200
16:19:28.732037,775,0.0,7.8431372549,21.568627451,0200
16:19:28.955777,775,0.0,7.8431372549,21.568627451,0200
16:19:29.174507,775,0.0,7.8431372549,21.568627451,0200
16:19:29.388285,775,0.0,7.8431372549,21.568627451,0200
16:19:29.623406,775,0.0,7.8431372549,21.9607843137,0200
16:19:29.858343,775,0.0,7.8431372549,21.568627451,0200
16:19:30.79647,775,0.0,7.8431372549,21.9607843137,0200
16:19:30.294696,762,0.0,7.8431372549,21.9607843137,0200
16:19:30.509743,775,0.0,7.8431372549,21.568627451,0200
16:19:30.725964,775,0.0,7.8431372549,21.568627451,0200
16:19:30.939868,775,0.0,7.8431372549,21.568627451,0200
16:19:31.157340,775,0.0,7.8431372549,21.9607843137,0200
16:19:31.377315,775,0.0,7.8431372549,21.568627451,0200
16:19:31.594993,775,0.0,7.8431372549,21.568627451,0200
16:19:31.813592,775,0.0,7.8431372549,21.568627451,0200
16:19:32.26236,775,0.0,7.8431372549,21.568627451,0200
16:19:32.249950,775,0.0,7.8431372549,21.568627451,0200
16:19:32.471290,775,0.0,7.8431372549,21.568627451,0200
16:19:32.687515,787,0.0,7.8431372549,21.568627451,0200
16:19:32.901387,775,0.0,7.8431372549,21.568627451,0200
16:19:33.115235,775,0.0,7.8431372549,21.9607843137,0200
16:19:33.327596,775,0.0,7.8431372549,21.9607843137,0200
16:19:33.543925,775,0.0,7.8431372549,21.568627451,0200
16:19:33.761507,775,0.0,7.8431372549,21.568627451,0200
16:19:33.977761,775,0.0,7.8431372549,21.568627451,0200
16:19:34.215234,775,0.0,7.8431372549,21.9607843137,0200
16:19:34.430387,762,0.0,7.8431372549,21.9607843137,0200
16:19:34.654097,775,0.0,7.8431372549,21.9607843137,0200
16:19:34.872840,775,0.0,7.8431372549,21.9607843137,0200
16:19:35.89275,775,0.0,7.8431372549,21.568627451,0200
16:19:35.309151,775,0.0,7.8431372549,21.568627451,0200
16:19:35.520502,775,0.0,7.8431372549,21.568627451,0200
16:19:35.741786,775,0.0,7.8431372549,21.568627451,0200
16:19:35.955532,775,0.0,7.8431372549,21.9607843137,0200
16:19:36.173101,775,0.0,7.8431372549,21.568627451,0200
16:19:36.393045,775,0.0,7.8431372549,21.568627451,0200
16:19:36.614631,775,0.0,7.8431372549,21.568627451,0200
16:19:36.849454,775,0.0,7.8431372549,21.568627451,0200
16:19:37.70748,775,0.0,7.8431372549,21.568627451,0200
16:19:37.293171,775,0.0,7.8431372549,21.568627451,0200
16:19:37.516953,775,0.0,7.8431372549,21.568627451,0200
16:19:37.734531,775,0.0,7.8431372549,21.568627451,0200
16:19:37.962044,775,0.0,7.8431372549,21.9607843137,0200
16:19:38.179607,775,0.0,7.8431372549,21.568627451,0200
16:19:38.395835,787,0.0,7.8431372549,21.568627451,0200
16:19:38.610920,775,0.0,7.8431372549,21.568627451,0200
16:19:38.827154,787,0.0,7.8431372549,21.568627451,0200
16:19:39.48564,775,0.0,7.8431372549,21.568627451,0200
16:19:39.269751,775,0.0,7.8431372549,21.568627451,0200
16:19:39.485973,775,0.0,7.8431372549,21.568627451,0200
16:19:39.709897,775,0.0,7.8431372549,21.568627451,0200
16:19:39.936035,775,0.0,7.8431372549,21.9607843137,0200
16:19:40.158681,775,0.0,7.8431372549,21.9607843137,0200
16:19:40.374873,787,0.0,7.8431372549,21.568627451,0200
16:19:40.598609,775,0.0,7.8431372549,21.568627451,0200
16:19:40.816243,775,0.0,7.8431372549,21.568627451,0200
16:19:41.34952,762,0.0,7.8431372549,21.568627451,0200
16:19:41.256295,775,0.0,7.8431372549,21.568627451,0200
16:19:41.476260,762,0.0,7.8431372549,21.568627451,0200
16:19:41.697582,762,0.0,7.8431372549,21.568627451,0200
16:19:41.918846,750,0.0,7.8431372549,21.568627451,0200
16:19:42.140088,737,0.0,7.8431372549,21.9607843137,0200
16:19:42.361410,737,0.0,7.8431372549,21.9607843137,0200
16:19:42.580226,750,0.0,7.8431372549,21.9607843137,0200
16:19:42.796586,737,0.0,7.8431372549,21.9607843137,0200
16:19:43.10242,750,0.0,7.8431372549,21.9607843137,0200
16:19:43.232827,750,0.0,7.8431372549,21.9607843137,0200
16:19:43.450308,750,0.0,7.8431372549,21.9607843137,0200
16:19:43.666641,750,0.0,7.8431372549,21.9607843137,0200
16:19:43.886574,750,0.0,7.8431372549,21.9607843137,0200
16:19:44.101628,750,0.0,7.8431372549,21.9607843137,0200
16:19:44.322919,750,0.0,7.8431372549,21.9607843137,0200
16:19:44.539244,737,0.0,7.8431372549,21.9607843137,0200
16:19:44.759331,750,0.0,7.8431372549,21.9607843137,0200
16:19:44.978040,750,0.0,7.8431372549,21.9607843137,0200
16:19:45.199362,750,0.0,7.8431372549,21.9607843137,0200
16:19:45.419292,750,0.0,7.8431372549,21.9607843137,0200
16:19:45.635580,737,0.0,7.8431372549,21.9607843137,0200
16:19:45.849610,750,0.0,7.8431372549,21.9607843137,0200
16:19:46.69381,750,0.0,7.8431372549,21.9607843137,0200
16:19:46.287008,750,0.0,7.8431372549,21.9607843137,0200
16:19:46.500722,762,0.0,7.8431372549,21.9607843137,0200
16:19:46.717148,750,0.0,7.8431372549,21.9607843137,0200
16:19:46.942048,750,0.0,7.8431372549,21.9607843137,0200
16:19:47.175950,750,0.0,7.8431372549,21.9607843137,0200
16:19:47.385869,737,0.0,7.8431372549,21.9607843137,0200
16:19:47.598366,750,0.0,7.8431372549,21.9607843137,0200
16:19:47.820972,750,0.0,7.8431372549,21.9607843137,0200
16:19:48.38358,737,0.0,7.8431372549,21.9607843137,0200
16:19:48.258364,750,0.0,7.8431372549,21.9607843137,0200
16:19:48.470839,750,0.0,7.8431372549,21.9607843137,0200
16:19:48.685938,737,0.0,7.8431372549,21.9607843137,0200
16:19:48.903581,750,0.0,7.8431372549,21.9607843137,0200
16:19:49.121082,737,0.0,7.8431372549,21.9607843137,0200
16:19:49.343705,750,0.0,7.8431372549,21.9607843137,0200
16:19:49.559939,750,0.0,7.8431372549,21.9607843137,0200
16:19:49.774951,750,0.0,7.8431372549,21.9607843137,0200
16:19:49.989851,762,0.0,7.8431372549,21.9607843137,0200
16:19:50.204915,750,0.0,7.8431372549,21.9607843137,0200
16:19:50.419906,750,0.0,7.8431372549,21.9607843137,0200
16:19:50.643662,750,0.0,7.8431372549,21.9607843137,0200
16:19:50.858733,750,0.0,7.8431372549,21.9607843137,0200
16:19:51.74993,750,0.0,7.8431372549,21.9607843137,0200
16:19:51.288886,750,0.0,7.8431372549,21.9607843137,0200
16:19:51.503862,750,0.0,7.8431372549,21.9607843137,0200
16:19:51.720115,762,0.0,7.8431372549,21.9607843137,0200
16:19:51.938953,737,0.0,7.8431372549,21.9607843137,0200
16:19:52.158988,737,0.0,7.8431372549,21.9607843137,0200
16:19:52.370147,750,0.0,7.8431372549,21.9607843137,0200
16:19:52.587658,750,0.0,7.8431372549,21.9607843137,0200
16:19:52.807873,750,0.0,7.8431372549,21.9607843137,0200
16:19:53.29091,750,0.0,7.8431372549,21.9607843137,0200
16:19:53.247979,750,0.0,7.8431372549,21.9607843137,0200
16:19:53.464207,750,0.0,7.8431372549,21.9607843137,0200
16:19:53.681989,762,0.0,7.8431372549,21.9607843137,0200
16:19:53.900568,737,0.0,7.8431372549,21.9607843137,0200
16:19:54.118114,750,0.0,7.8431372549,21.9607843137,0200
16:19:54.341830,750,0.0,7.8431372549,21.9607843137,0200
16:19:54.551713,750,0.0,7.8431372549,21.9607843137,0200
16:19:54.763015,762,0.0,7.8431372549,21.568627451,0200
16:19:54.986849,750,0.0,7.8431372549,21.9607843137,0200
16:19:55.200679,750,0.0,7.8431372549,21.9607843137,0200
16:19:55.415767,750,0.0,7.8431372549,21.9607843137,0200
16:19:55.637057,750,0.0,7.8431372549,21.9607843137,0200
16:19:55.854510,737,0.0,7.8431372549,21.9607843137,0200
16:19:56.77070,750,0.0,7.8431372549,21.9607843137,0200
16:19:56.293412,750,0.0,7.8431372549,21.9607843137,0200
16:19:56.513373,762,0.0,7.8431372549,21.9607843137,0200
16:19:56.733528,750,0.0,7.8431372549,21.9607843137,0200
16:19:56.948338,750,0.0,7.8431372549,21.9607843137,0200
16:19:57.163436,762,0.0,7.8431372549,21.568627451,0200
16:19:57.377123,750,0.0,7.8431372549,21.9607843137,0200
16:19:57.590988,750,0.0,7.8431372549,21.9607843137,0200
16:19:57.808478,762,0.0,7.8431372549,21.9607843137,0200
16:19:58.20942,737,0.0,7.8431372549,21.9607843137,0200
16:19:58.239955,750,0.0,7.8431372549,21.9607843137,0200
16:19:58.456214,750,0.0,7.8431372549,21.9607843137,0200
16:19:58.678836,750,0.0,7.8431372549,21.9607843137,0200
16:19:58.892494,750,0.0,7.8431372549,21.9607843137,0200
16:19:59.118887,737,0.0,7.8431372549,21.9607843137,0200
16:19:59.337652,750,0.0,7.8431372549,21.9607843137,0200
16:19:59.557610,750,0.0,7.8431372549,21.9607843137,0200
16:19:59.781375,750,0.0,7.8431372549,21.9607843137,0200
16:20:0.2562,750,0.0,7.8431372549,21.9607843137,0200
16:20:0.220277,750,0.0,7.8431372549,21.9607843137,0200
16:20:0.446405,762,0.0,7.8431372549,21.9607843137,0200
16:20:0.662791,750,0.0,7.8431372549,21.9607843137,0200
16:20:0.884061,750,0.0,7.8431372549,21.9607843137,0200
16:20:1.108993,750,0.0,7.8431372549,21.568627451,0200
16:20:1.322828,750,0.0,7.8431372549,21.9607843137,0200
16:20:1.549059,750,0.0,7.8431372549,21.568627451,0200
16:20:1.769151,737,0.0,7.8431372549,21.568627451,0200
16:20:1.991607,737,0.0,7.8431372549,21.568627451,0200
16:20:2.216762,737,0.0,7.8431372549,21.568627451,0200
16:20:2.434167,712,0.0,7.8431372549,21.9607843137,0200
16:20:2.654206,712,0.0,7.8431372549,21.9607843137,0200
16:20:2.880617,737,0.0,7.8431372549,21.9607843137,0200
16:20:3.98083,725,0.0,7.8431372549,21.9607843137,0200
16:20:3.324815,725,0.0,7.8431372549,21.9607843137,0200
16:20:3.543069,737,0.0,7.8431372549,21.568627451,0200
16:20:3.758125,712,0.0,7.8431372549,21.568627451,0200
16:20:3.978199,712,0.0,7.8431372549,21.568627451,0200
16:20:4.194423,725,0.0,7.8431372549,21.568627451,0200
16:20:4.413366,725,0.0,7.8431372549,21.568627451,0200
16:20:4.633287,725,0.0,7.8431372549,21.568627451,0200
16:20:4.852068,725,0.0,7.8431372549,21.568627451,0200
16:20:5.70801,712,0.0,7.8431372549,21.568627451,0200
16:20:5.292021,737,0.0,7.45098039216,21.9607843137,0200
16:20:5.512108,737,0.0,7.45098039216,21.568627451,0200
16:20:5.722201,725,0.0,7.45098039216,21.568627451,0200
16:20:5.953493,725,0.0,7.45098039216,21.568627451,0200
16:20:6.170950,725,0.0,7.45098039216,21.568627451,0200
16:20:6.386007,725,0.0,7.45098039216,21.568627451,0200
16:20:6.604715,725,0.0,7.45098039216,21.568627451,0200
16:20:6.822245,725,0.0,7.8431372549,21.568627451,0200
16:20:7.43769,712,0.0,7.45098039216,21.568627451,0200
16:20:7.264906,700,0.0,7.45098039216,21.568627451,0200
16:20:7.488778,725,0.0,7.45098039216,21.568627451,0200
16:20:7.706096,712,0.0,7.45098039216,21.568627451,0200
16:20:7.927500,700,0.0,7.45098039216,21.568627451,0200
16:20:8.159826,725,0.0,7.45098039216,21.568627451,0200
16:20:8.373662,712,0.0,7.45098039216,21.568627451,0200
16:20:8.608817,725,0.0,7.45098039216,21.568627451,0200
16:20:8.848684,725,0.0,7.45098039216,21.1764705882,0200
16:20:9.71259,725,0.0,7.45098039216,21.1764705882,0200
16:20:9.288763,725,0.0,7.45098039216,21.568627451,0200
16:20:9.506304,725,0.0,7.45098039216,21.568627451,0200
16:20:9.722687,712,0.0,7.45098039216,21.568627451,0200
16:20:9.933986,725,0.0,7.45098039216,21.1764705882,0200
16:20:10.154019,725,0.0,7.45098039216,21.1764705882,0200
16:20:10.393887,712,0.0,7.45098039216,21.1764705882,0200
16:20:10.609177,712,0.0,7.45098039216,21.1764705882,0200
16:20:10.840275,712,0.0,7.45098039216,21.1764705882,0200
16:20:11.59096,712,0.0,7.45098039216,21.1764705882,0200
16:20:11.276718,712,0.0,7.45098039216,21.1764705882,0200
16:20:11.511708,712,0.0,7.45098039216,21.1764705882,0200
16:20:11.730459,725,0.0,7.45098039216,21.1764705882,0200
16:20:11.946697,712,0.0,7.45098039216,21.1764705882,0200
16:20:12.161821,712,0.0,7.45098039216,21.1764705882,0200
16:20:12.371823,712,0.0,7.45098039216,21.1764705882,0200
16:20:12.588193,712,0.0,7.45098039216,21.1764705882,0200
16:20:12.806903,712,0.0,7.45098039216,21.1764705882,0200
16:20:13.24407,712,0.0,7.45098039216,21.1764705882,0200
16:20:13.240650,700,0.0,7.45098039216,21.1764705882,0200
16:20:13.461908,712,0.0,7.45098039216,21.1764705882,0200
16:20:13.674382,712,0.0,7.45098039216,21.1764705882,0200
16:20:13.895619,700,0.0,7.45098039216,21.1764705882,0200
16:20:14.109530,700,0.0,7.45098039216,21.1764705882,0200
16:20:14.325661,712,0.0,7.45098039216,20.7843137255,0200
16:20:14.538240,700,0.0,7.45098039216,20.7843137255,0200
16:20:14.751970,700,0.0,7.45098039216,20.7843137255,0200
16:20:14.973431,712,0.0,7.45098039216,20.7843137255,0200
16:20:15.190923,712,0.0,7.45098039216,20.7843137255,0200
16:20:15.408753,700,0.0,7.45098039216,21.1764705882,0200
16:20:15.626080,700,0.0,7.45098039216,21.1764705882,0200
16:20:15.872332,712,0.0,7.45098039216,21.1764705882,0200
16:20:16.92342,712,0.0,7.45098039216,20.7843137255,0200
16:20:16.318730,700,0.0,7.45098039216,20.7843137255,0200
16:20:16.544925,700,0.0,7.45098039216,20.7843137255,0200
16:20:16.759893,700,0.0,7.45098039216,20.7843137255,0200
16:20:16.986215,700,0.0,7.45098039216,20.7843137255,0200
16:20:17.207511,700,0.0,7.45098039216,20.7843137255,0200
16:20:17.427561,687,0.0,7.45098039216,20.7843137255,0200
16:20:17.642548,687,0.0,7.45098039216,20.7843137255,0200
16:20:17.863825,700,0.0,7.05882352941,20.7843137255,0200
16:20:18.88920,700,0.0,7.45098039216,20.3921568627,0200
16:20:18.323837,687,0.0,7.45098039216,20.3921568627,0200
16:20:18.540311,700,0.0,7.45098039216,20.3921568627,0200
16:20:18.751428,700,0.0,7.45098039216,20.3921568627,0200
16:20:18.971443,687,0.0,7.45098039216,20.3921568627,0200
16:20:19.185296,675,0.0,7.45098039216,20.3921568627,0200
16:20:19.423993,687,0.0,7.45098039216,20.3921568627,0200
16:20:19.649025,687,0.0,7.45098039216,20.3921568627,0200
16:20:19.867803,687,0.0,7.45098039216,20.3921568627,0200
16:20:20.86667,687,0.0,7.05882352941,20.3921568627,0200
16:20:20.305456,687,0.0,7.05882352941,20.3921568627,0200
16:20:20.525405,675,0.0,7.05882352941,20.3921568627,0200
16:20:20.750436,687,0.0,7.45098039216,20.3921568627,0200
16:20:20.965540,687,0.0,7.45098039216,20.3921568627,0200
16:20:21.181852,687,0.0,7.45098039216,20.3921568627,0200
16:20:21.397969,700,0.0,7.45098039216,20.3921568627,0200
16:20:21.612953,700,0.0,7.45098039216,20.3921568627,0200
16:20:21.829222,687,0.0,7.45098039216,20.3921568627,0200
16:20:22.49289,687,0.0,7.45098039216,20.7843137255,0200
16:20:22.264248,687,0.0,7.45098039216,20.7843137255,0200
16:20:22.481829,687,0.0,7.45098039216,20.7843137255,0200
16:20:22.698274,687,0.0,7.45098039216,20.7843137255,0200
16:20:22.914573,700,0.0,7.45098039216,20.7843137255,0200
16:20:23.131979,700,0.0,7.45098039216,20.7843137255,0200
16:20:23.353306,700,0.0,7.45098039216,20.7843137255,0200
16:20:23.569546,700,0.0,7.45098039216,20.7843137255,0200
16:20:23.785779,687,0.0,7.45098039216,20.7843137255,0200
16:20:23.998471,687,0.0,7.45098039216,20.7843137255,0200
16:20:24.222199,687,0.0,7.45098039216,20.7843137255,0200
16:20:24.444781,687,0.0,7.45098039216,20.7843137255,0200
16:20:24.678548,687,0.0,7.45098039216,20.7843137255,0200
16:20:24.903487,687,0.0,7.45098039216,20.7843137255,0200
16:20:25.119840,700,0.0,7.45098039216,20.7843137255,0200
16:20:25.339824,687,0.0,7.45098039216,20.7843137255,0200
16:20:25.562272,687,0.0,7.45098039216,20.7843137255,0200
16:20:25.774886,687,0.0,7.45098039216,20.7843137255,0200
16:20:25.999896,700,0.0,7.45098039216,20.7843137255,0200
16:20:26.219897,687,0.0,7.45098039216,20.7843137255,0200
16:20:26.435074,687,0.0,7.45098039216,20.7843137255,0200
16:20:26.655003,687,0.0,7.45098039216,20.7843137255,0200
16:20:26.876352,700,0.0,7.45098039216,20.7843137255,0200
16:20:27.91225,687,0.0,7.45098039216,20.3921568627,0200
16:20:27.311352,700,0.0,7.45098039216,20.3921568627,0200
16:20:27.527571,700,0.0,7.45098039216,20.3921568627,0200
16:20:27.743832,687,0.0,7.45098039216,20.7843137255,0200
16:20:27.972806,700,0.0,7.45098039216,20.7843137255,0200
16:20:28.195245,700,0.0,7.45098039216,20.3921568627,0200
16:20:28.412749,687,0.0,7.45098039216,20.3921568627,0200
16:20:28.630316,687,0.0,7.45098039216,20.7843137255,0200
16:20:28.849129,687,0.0,7.45098039216,20.7843137255,0200
16:20:29.84097,687,0.0,7.45098039216,20.7843137255,0200
16:20:29.306780,687,0.0,7.45098039216,20.7843137255,0200
16:20:29.519167,687,0.0,7.45098039216,20.7843137255,0200
16:20:29.732779,700,0.0,7.45098039216,20.7843137255,0200
16:20:29.946541,700,0.0,7.45098039216,20.7843137255,0200
16:20:30.164667,687,0.0,7.45098039216,20.7843137255,0200
16:20:30.379326,700,0.0,7.45098039216,20.7843137255,0200
16:20:30.599545,700,0.0,7.45098039216,20.7843137255,0200
16:20:30.817538,700,0.0,7.45098039216,20.7843137255,0200
16:20:31.37932,700,0.0,7.45098039216,20.7843137255,0200
16:20:31.261078,700,0.0,7.45098039216,20.7843137255,0200
16:20:31.476647,700,0.0,7.45098039216,20.7843137255,0200
16:20:31.694725,687,0.0,7.45098039216,20.7843137255,0200
16:20:31.911493,687,0.0,7.45098039216,20.7843137255,0200
16:20:32.133237,700,0.0,7.45098039216,20.7843137255,0200
16:20:32.351354,687,0.0,7.45098039216,20.7843137255,0200
16:20:32.568074,700,0.0,7.45098039216,20.7843137255,0200
16:20:32.801236,700,0.0,7.45098039216,20.7843137255,0200
16:20:33.16755,700,0.0,7.45098039216,21.1764705882,0200
16:20:33.241235,700,0.0,7.45098039216,20.7843137255,0200
16:20:33.461773,700,0.0,7.45098039216,20.7843137255,0200
16:20:33.683594,700,0.0,7.45098039216,20.7843137255,0200
16:20:33.899402,700,0.0,7.45098039216,20.7843137255,0200
16:20:34.112453,700,0.0,7.45098039216,20.7843137255,0200
16:20:34.326916,700,0.0,7.45098039216,20.7843137255,0200
16:20:34.548706,687,0.0,7.45098039216,20.7843137255,0200
16:20:34.760645,700,0.0,7.45098039216,20.7843137255,0200
16:20:34.980036,700,0.0,7.45098039216,20.7843137255,0200
16:20:35.199589,700,0.0,7.45098039216,20.7843137255,0200
16:20:35.416419,700,0.0,7.45098039216,21.1764705882,0200
16:20:35.633447,700,0.0,7.45098039216,21.1764705882,0200
16:20:35.850362,700,0.0,7.45098039216,21.1764705882,0200
16:20:36.67261,700,0.0,7.45098039216,20.7843137255,0200
16:20:36.280571,687,0.0,7.45098039216,20.7843137255,0200
16:20:36.503709,700,0.0,7.45098039216,21.1764705882,0200
16:20:36.720775,700,0.0,7.45098039216,21.1764705882,0200
16:20:36.936457,700,0.0,7.45098039216,20.7843137255,0200
16:20:37.155949,700,0.0,7.45098039216,20.7843137255,0200
16:20:37.370365,712,0.0,7.45098039216,20.7843137255,0200
16:20:37.584943,700,0.0,7.45098039216,20.7843137255,0200
16:20:37.803617,687,0.0,7.45098039216,20.7843137255,0200
16:20:38.26402,700,0.0,7.45098039216,20.7843137255,0200
16:20:38.244745,700,0.0,7.45098039216,20.7843137255,0200
16:20:38.459277,700,0.0,7.45098039216,21.1764705882,0200
16:20:38.673863,700,0.0,7.45098039216,21.1764705882,0200
16:20:38.895755,700,0.0,7.45098039216,20.7843137255,0200
16:20:39.114191,700,0.0,7.45098039216,20.7843137255,0200
16:20:39.332451,700,0.0,7.45098039216,20.7843137255,0200
16:20:39.549566,700,0.0,7.45098039216,20.7843137255,0200
16:20:39.762899,700,0.0,7.45098039216,20.7843137255,0200
16:20:39.981274,700,0.0,7.45098039216,20.7843137255,0200
16:20:40.200726,700,0.0,7.45098039216,21.1764705882,0200
16:20:40.420197,712,0.0,7.45098039216,20.7843137255,0200
16:20:40.636151,712,0.0,7.45098039216,20.7843137255,0200
16:20:40.856873,700,0.0,7.45098039216,20.7843137255,0200
16:20:41.75323,700,0.0,7.45098039216,20.7843137255,0200
16:20:41.299823,712,0.0,7.45098039216,20.7843137255,0200
16:20:41.513184,700,0.0,7.45098039216,20.7843137255,0200
16:20:41.726605,700,0.0,7.45098039216,21.1764705882,0200
16:20:41.946160,700,0.0,7.45098039216,20.7843137255,0200
16:20:42.159566,712,0.0,7.45098039216,20.7843137255,0200
16:20:42.376700,700,0.0,7.45098039216,20.7843137255,0200
16:20:42.605148,700,0.0,7.45098039216,20.7843137255,0200
16:20:42.824681,700,0.0,7.45098039216,20.7843137255,0200
16:20:43.48743,700,0.0,7.45098039216,20.7843137255,0200
16:20:43.265213,700,0.0,7.45098039216,21.1764705882,0200
16:20:43.483530,712,0.0,7.45098039216,20.7843137255,0200
16:20:43.703216,687,0.0,7.45098039216,20.7843137255,0200
16:20:43.923991,700,0.0,7.45098039216,20.7843137255,0200
16:20:44.144979,700,0.0,7.45098039216,20.7843137255,0200
16:20:44.360957,712,0.0,7.45098039216,20.7843137255,0200
16:20:44.580475,700,0.0,7.45098039216,20.7843137255,0200
16:20:44.803983,700,0.0,7.45098039216,20.7843137255,0200
16:20:45.17309,700,0.0,7.45098039216,21.1764705882,0200
16:20:45.248348,687,0.0,7.45098039216,21.1764705882,0200
16:20:45.462984,700,0.0,7.45098039216,20.7843137255,0200
16:20:45.685250,700,0.0,7.45098039216,20.7843137255,0200
16:20:45.902268,700,0.0,7.45098039216,20.7843137255,0200
16:20:46.114478,700,0.0,7.45098039216,21.1764705882,0200
16:20:46.332967,700,0.0,7.45098039216,20.7843137255,0200
16:20:46.556371,700,0.0,7.45098039216,20.7843137255,0200
16:20:46.771002,700,0.0,7.45098039216,21.1764705882,0200
16:20:46.984487,687,0.0,7.45098039216,21.1764705882,0200
16:20:47.201865,700,0.0,7.45098039216,20.7843137255,0200
16:20:47.416582,712,0.0,7.45098039216,20.7843137255,0200
16:20:47.641329,700,0.0,7.45098039216,20.7843137255,0200
16:20:47.857194,700,0.0,7.45098039216,20.7843137255,0200
16:20:48.76809,700,0.0,7.45098039216,20.7843137255,0200
16:20:48.296500,687,0.0,7.45098039216,20.7843137255,0200
16:20:48.507513,687,0.0,7.45098039216,20.7843137255,0200
16:20:48.724825,712,0.0,7.45098039216,20.7843137255,0200
16:20:48.942125,700,0.0,7.45098039216,21.1764705882,0200
16:20:49.164272,687,0.0,7.45098039216,21.1764705882,0200
16:20:49.379026,700,0.0,7.45098039216,20.7843137255,0200
16:20:49.593879,700,0.0,7.45098039216,21.1764705882,0200
16:20:49.811030,687,0.0,7.45098039216,21.1764705882,0200
16:20:50.32033,700,0.0,7.45098039216,21.1764705882,0200
16:20:50.253097,700,0.0,7.45098039216,21.1764705882,0200
16:20:50.471807,700,0.0,7.45098039216,21.1764705882,0200
16:20:50.685032,700,0.0,7.45098039216,20.7843137255,0200
16:20:50.908625,700,0.0,7.45098039216,20.7843137255,0200
16:20:51.129585,700,0.0,7.45098039216,20.7843137255,0200
16:20:51.348089,700,0.0,7.45098039216,21.1764705882,0200
16:20:51.565352,700,0.0,7.45098039216,21.1764705882,0200
16:20:51.793815,700,0.0,7.45098039216,21.1764705882,0200
16:20:52.33639,687,0.0,7.45098039216,21.1764705882,0200
16:20:52.251010,700,0.0,7.45098039216,21.1764705882,0200
16:20:52.471922,700,0.0,7.45098039216,21.1764705882,0200
16:20:52.699210,700,0.0,7.45098039216,21.1764705882,0200
16:20:52.920142,700,0.0,7.45098039216,20.7843137255,0200
16:20:53.136105,700,0.0,7.45098039216,21.1764705882,0200
16:20:53.372316,700,0.0,7.45098039216,21.1764705882,0200
16:20:53.590206,700,0.0,7.45098039216,20.7843137255,0200
16:20:53.808062,700,0.0,7.45098039216,20.7843137255,0200
16:20:54.34047,700,0.0,7.45098039216,21.1764705882,0200
16:20:54.255126,700,0.0,7.45098039216,20.7843137255,0200
16:20:54.473699,700,0.0,7.45098039216,20.7843137255,0200
16:20:54.688499,700,0.0,7.45098039216,21.1764705882,0200
16:20:54.924436,700,0.0,7.45098039216,21.1764705882,0200
16:20:55.138058,687,0.0,7.45098039216,21.1764705882,0200
16:20:55.356532,700,0.0,7.45098039216,20.7843137255,0200
16:20:55.573931,712,0.0,7.45098039216,20.7843137255,0200
16:20:55.791175,700,0.0,7.45098039216,20.7843137255,0200
16:20:56.32258,700,0.0,7.45098039216,21.1764705882,0200
16:20:56.254451,700,0.0,7.45098039216,21.1764705882,0200
16:20:56.476944,700,0.0,7.45098039216,21.1764705882,0200
16:20:56.695355,712,0.0,7.45098039216,21.1764705882,0200
16:20:56.924046,712,0.0,7.45098039216,20.7843137255,0200
16:20:57.141234,700,0.0,7.45098039216,21.1764705882,0200
16:20:57.358655,700,0.0,7.45098039216,20.7843137255,0200
16:20:57.577225,700,0.0,7.45098039216,20.7843137255,0200
16:20:57.800829,700,0.0,7.45098039216,20.7843137255,0200
16:20:58.24221,687,0.0,7.45098039216,20.7843137255,0200
16:20:58.243992,687,0.0,7.45098039216,20.7843137255,0200
16:20:58.460110,700,0.0,7.45098039216,20.7843137255,0200
16:20:58.673762,700,0.0,7.45098039216,20.7843137255,0200
16:20:58.891333,700,0.0,7.45098039216,20.7843137255,0200
16:20:59.120855,700,0.0,7.45098039216,20.7843137255,0200
16:20:59.339430,700,0.0,7.45098039216,20.7843137255,0200
16:20:59.559282,700,0.0,7.45098039216,20.7843137255,0200
16:20:59.770468,700,0.0,7.45098039216,20.7843137255,0200
16:20:59.994071,700,0.0,7.45098039216,20.7843137255,0200
16:21:0.208923,700,0.0,7.45098039216,20.7843137255,0200
16:21:0.427632,700,0.0,7.45098039216,20.7843137255,0200
16:21:0.657343,700,0.0,7.45098039216,20.7843137255,0200
16:21:0.877167,687,0.0,7.45098039216,20.7843137255,0200
16:21:1.108302,687,0.0,7.45098039216,20.7843137255,0200
16:21:1.355534,687,0.0,7.45098039216,21.1764705882,0200
16:21:1.574164,687,0.0,7.45098039216,21.1764705882,0200
16:21:1.792752,700,0.0,7.45098039216,21.1764705882,0200
16:21:2.11501,712,0.0,7.45098039216,20.7843137255,0200
16:21:2.251201,700,0.0,7.45098039216,20.7843137255,0200
16:21:2.468673,700,0.0,7.45098039216,20.7843137255,0200
16:21:2.689691,700,0.0,7.45098039216,20.7843137255,0200
16:21:2.909601,700,0.0,7.45098039216,20.7843137255,0200
16:21:3.133109,700,0.0,7.45098039216,20.7843137255,0200
16:21:3.354266,700,0.0,7.45098039216,20.7843137255,0200
16:21:3.570506,700,0.0,7.45098039216,20.7843137255,0200
16:21:3.786530,700,0.0,7.45098039216,20.7843137255,0200
16:21:4.3911,687,0.0,7.45098039216,20.7843137255,0200
16:21:4.222509,700,0.0,7.45098039216,21.1764705882,0200
16:21:4.438727,700,0.0,7.45098039216,20.7843137255,0200
16:21:4.655875,700,0.0,7.45098039216,20.7843137255,0200
16:21:4.875804,712,0.0,7.45098039216,20.7843137255,0200
16:21:5.94315,687,0.0,7.45098039216,20.7843137255,0200
16:21:5.309148,700,0.0,7.45098039216,20.7843137255,0200
16:21:5.525378,700,0.0,7.45098039216,20.7843137255,0200
16:21:5.740291,700,0.0,7.45098039216,20.7843137255,0200
16:21:5.963978,700,0.0,7.45098039216,21.1764705882,0200
16:21:6.182512,700,0.0,7.45098039216,20.7843137255,0200
16:21:6.401117,700,0.0,7.45098039216,20.7843137255,0200
16:21:6.619820,700,0.0,7.45098039216,20.7843137255,0200
16:21:6.835964,70